-------------------------------------------------------------------------------
Test set: Account types
-------------------------------------------------------------------------------
Tests run: 3, Failures: 2, Errors: 0, Skipped: 0, Time elapsed: 45.227 s <<< FAILURE! - in Account types
Sales manager user(Account types)  Time elapsed: 11.847 s  <<< FAILURE!
java.lang.AssertionError

Store manager user(Account types)  Time elapsed: 21.575 s  <<< FAILURE!
java.lang.AssertionError

