<?xml version="1.0" encoding="UTF-8"?>
<testsuite xmlns:xsi="http://www.w3.org/2001/XMLSchema-instance" xsi:noNamespaceSchemaLocation="https://maven.apache.org/surefire/maven-surefire-plugin/xsd/surefire-test-report.xsd" name="Users should be able to login" time="29.189" tests="3" errors="1" skipped="0" failures="2">
  <properties>
[...]
</properties>
  <testcase name="Login as a driver" classname="Users should be able to login" time="13.117">
    <failure message="expected:&lt;[Dashboard]&gt; but was:&lt;[Loading...]&gt;" type="org.junit.ComparisonFailure"><![CDATA[org.junit.ComparisonFailure: expected:<[Dashboard]> but was:<[Loading...]>
]]></failure>
    <system-out><![CDATA[Feb 17, 2022 5:19:05 PM io.cucumber.junit.Cucumber <init>
WARNING: By default Cucumber is running in --non-strict mode.
This default will change to --strict and --non-strict will be removed.
You can use --strict or @CucumberOptions(strict = true) to suppress this warning

&amp#27;[31mFailed scenarios:&amp#27;[0m
&amp#27;[31mfile:///Users/test/IdeaProjects/EU7CucumberSelenium/src/test/resources/features/login.feature:8&amp#27;[0m# Login as a driver
&amp#27;[31mfile:///Users/test/IdeaProjects/EU7CucumberSelenium/src/test/resources/features/login.feature:16&amp#27;[0m# Login as a sales manager
&amp#27;[31mfile:///Users/test/IdeaProjects/EU7CucumberSelenium/src/test/resources/features/login.feature:23&amp#27;[0m# Login as a store manager

3 Scenarios (&amp#27;[31m3 failed&amp#27;[0m)
9 Steps (&amp#27;[31m3 failed&amp#27;[0m, &amp#27;[36m1 skipped&amp#27;[0m, &amp#27;[32m5 passed&amp#27;[0m)
0m29.197s


org.junit.ComparisonFailure: expected:<[Dashboard]> but was:<[Loading...]>
	at org.junit.Assert.assertEquals(Assert.java:117)
	at org.junit.Assert.assertEquals(Assert.java:146)
	at com.vytrack.step_definitions.LoginStepDefs.the_user_should_be_able_to_login(LoginStepDefs.java:36)
	at ✽.the user should be able to login(file:///Users/test/IdeaProjects/EU7CucumberSelenium/src/test/resources/features/login.feature:12)

org.junit.ComparisonFailure: expected:<[Dashboard]> but was:<[Loading...]>
	at org.junit.Assert.assertEquals(Assert.java:117)
	at org.junit.Assert.assertEquals(Assert.java:146)
	at com.vytrack.step_definitions.LoginStepDefs.the_user_should_be_able_to_login(LoginStepDefs.java:36)
	at ✽.the user should be able to login(file:///Users/test/IdeaProjects/EU7CucumberSelenium/src/test/resources/features/login.feature:20)

org.openqa.selenium.NoSuchElementException: no such element: Unable to locate element: {"method":"xpath","selector":"//iframe[@class='bx-editor-iframe']"}
  (Session info: chrome=98.0.4758.102)
For documentation on this error, please visit: https://www.seleniumhq.org/exceptions/no_such_element.html
Build info: version: '3.141.59', revision: 'e82be7d358', time: '2018-11-14T08:17:03'
System info: host: 'tests-MBP', ip: '2a02:908:95a:d680:0:0:0:4c9f%en0', os.name: 'Mac OS X', os.arch: 'x86_64', os.version: '10.16', java.version: '1.8.0_281'
Driver info: org.openqa.selenium.remote.RemoteWebDriver
Capabilities {acceptInsecureCerts: false, browserName: chrome, browserVersion: 98.0.4758.102, chrome: {chromedriverVersion: 98.0.4758.102 (273bf7ac8c90..., userDataDir: /var/folders/th/64kxz3lj27z...}, goog:chromeOptions: {debuggerAddress: localhost:62946}, javascriptEnabled: true, networkConnectionEnabled: false, pageLoadStrategy: normal, platform: MAC, platformName: MAC, proxy: Proxy(), se:cdp: ws://192.168.0.57:4444/sess..., se:cdpVersion: 98.0.4758.102, setWindowRect: true, strictFileInteractability: false, timeouts: {implicit: 0, pageLoad: 300000, script: 30000}, unhandledPromptBehavior: dismiss and notify, webauthn:extension:credBlob: true, webauthn:extension:largeBlob: true, webauthn:virtualAuthenticators: true}
Session ID: ef2d72cc73cc41eee476b9cb046b83d5
*** Element info: {Using=xpath, value=//iframe[@class='bx-editor-iframe']}
	at sun.reflect.NativeConstructorAccessorImpl.newInstance0(Native Method)
	at sun.reflect.NativeConstructorAccessorImpl.newInstance(NativeConstructorAccessorImpl.java:62)
	at sun.reflect.DelegatingConstructorAccessorImpl.newInstance(DelegatingConstructorAccessorImpl.java:45)
	at java.lang.reflect.Constructor.newInstance(Constructor.java:423)
	at org.openqa.selenium.remote.http.W3CHttpResponseCodec.createException(W3CHttpResponseCodec.java:187)
	at org.openqa.selenium.remote.http.W3CHttpResponseCodec.decode(W3CHttpResponseCodec.java:122)
	at org.openqa.selenium.remote.http.W3CHttpResponseCodec.decode(W3CHttpResponseCodec.java:49)
	at org.openqa.selenium.remote.HttpCommandExecutor.execute(HttpCommandExecutor.java:158)
	at org.openqa.selenium.remote.RemoteWebDriver.execute(RemoteWebDriver.java:552)
	at org.openqa.selenium.remote.RemoteWebDriver.findElement(RemoteWebDriver.java:323)
	at org.openqa.selenium.remote.RemoteWebDriver.findElementByXPath(RemoteWebDriver.java:428)
	at org.openqa.selenium.By$ByXPath.findElement(By.java:353)
	at org.openqa.selenium.remote.RemoteWebDriver.findElement(RemoteWebDriver.java:315)
	at com.vytrack.step_definitions.LoginStepDefs.theUserEntersStoreManagerInformation(LoginStepDefs.java:78)
	at ✽.the user enters store manager information(file:///Users/test/IdeaProjects/EU7CucumberSelenium/src/test/resources/features/login.feature:26)


	this is coming from BEFORE
]]></system-out>
    <system-err><![CDATA[Feb 17, 2022 5:19:10 PM org.openqa.selenium.remote.ProtocolHandshake createSession
INFO: Detected dialect: W3C
]]></system-err>
  </testcase>
  <testcase name="Login as a sales manager" classname="Users should be able to login" time="10.793">
    <failure message="expected:&lt;[Dashboard]&gt; but was:&lt;[Loading...]&gt;" type="org.junit.ComparisonFailure"><![CDATA[org.junit.ComparisonFailure: expected:<[Dashboard]> but was:<[Loading...]>
]]></failure>
    <system-out><![CDATA[	this is coming from BEFORE
]]></system-out>
    <system-err><![CDATA[Feb 17, 2022 5:19:21 PM org.openqa.selenium.remote.ProtocolHandshake createSession
INFO: Detected dialect: W3C
]]></system-err>
  </testcase>
  <testcase name="Login as a store manager" classname="Users should be able to login" time="5.278">
    <error message="no such element: Unable to locate element: {&quot;method&quot;:&quot;xpath&quot;,&quot;selector&quot;:&quot;//iframe[@class=&apos;bx-editor-iframe&apos;]&quot;}&#10;  (Session info: chrome=98.0.4758.102)&#10;For documentation on this error, please visit: https://www.seleniumhq.org/exceptions/no_such_element.html&#10;Build info: version: &apos;3.141.59&apos;, revision: &apos;e82be7d358&apos;, time: &apos;2018-11-14T08:17:03&apos;&#10;System info: host: &apos;tests-MBP&apos;, ip: &apos;2a02:908:95a:d680:0:0:0:4c9f%en0&apos;, os.name: &apos;Mac OS X&apos;, os.arch: &apos;x86_64&apos;, os.version: &apos;10.16&apos;, java.version: &apos;1.8.0_281&apos;&#10;Driver info: org.openqa.selenium.remote.RemoteWebDriver&#10;Capabilities {acceptInsecureCerts: false, browserName: chrome, browserVersion: 98.0.4758.102, chrome: {chromedriverVersion: 98.0.4758.102 (273bf7ac8c90..., userDataDir: /var/folders/th/64kxz3lj27z...}, goog:chromeOptions: {debuggerAddress: localhost:62946}, javascriptEnabled: true, networkConnectionEnabled: false, pageLoadStrategy: normal, platform: MAC, platformName: MAC, proxy: Proxy(), se:cdp: ws://192.168.0.57:4444/sess..., se:cdpVersion: 98.0.4758.102, setWindowRect: true, strictFileInteractability: false, timeouts: {implicit: 0, pageLoad: 300000, script: 30000}, unhandledPromptBehavior: dismiss and notify, webauthn:extension:credBlob: true, webauthn:extension:largeBlob: true, webauthn:virtualAuthenticators: true}&#10;Session ID: ef2d72cc73cc41eee476b9cb046b83d5&#10;*** Element info: {Using=xpath, value=//iframe[@class=&apos;bx-editor-iframe&apos;]}" type="org.openqa.selenium.NoSuchElementException">org.openqa.selenium.NoSuchElementException: 
no such element: Unable to locate element: {"method":"xpath","selector":"//iframe[@class='bx-editor-iframe']"}
  (Session info: chrome=98.0.4758.102)
For documentation on this error, please visit: https://www.seleniumhq.org/exceptions/no_such_element.html
Build info: version: '3.141.59', revision: 'e82be7d358', time: '2018-11-14T08:17:03'
System info: host: 'tests-MBP', ip: '2a02:908:95a:d680:0:0:0:4c9f%en0', os.name: 'Mac OS X', os.arch: 'x86_64', os.version: '10.16', java.version: '1.8.0_281'
Driver info: org.openqa.selenium.remote.RemoteWebDriver
Capabilities {acceptInsecureCerts: false, browserName: chrome, browserVersion: 98.0.4758.102, chrome: {chromedriverVersion: 98.0.4758.102 (273bf7ac8c90..., userDataDir: /var/folders/th/64kxz3lj27z...}, goog:chromeOptions: {debuggerAddress: localhost:62946}, javascriptEnabled: true, networkConnectionEnabled: false, pageLoadStrategy: normal, platform: MAC, platformName: MAC, proxy: Proxy(), se:cdp: ws://192.168.0.57:4444/sess..., se:cdpVersion: 98.0.4758.102, setWindowRect: true, strictFileInteractability: false, timeouts: {implicit: 0, pageLoad: 300000, script: 30000}, unhandledPromptBehavior: dismiss and notify, webauthn:extension:credBlob: true, webauthn:extension:largeBlob: true, webauthn:virtualAuthenticators: true}
Session ID: ef2d72cc73cc41eee476b9cb046b83d5
*** Element info: {Using=xpath, value=//iframe[@class='bx-editor-iframe']}
</error>
    <system-out><![CDATA[	this is coming from BEFORE
]]></system-out>
    <system-err><![CDATA[Feb 17, 2022 5:19:32 PM org.openqa.selenium.remote.ProtocolHandshake createSession
INFO: Detected dialect: W3C
]]></system-err>
  </testcase>
</testsuite>